2017-05-31 14:43:05.915  INFO 11464 --- [main] ua.com.ex.Rest                           : Starting Rest on alex-K73E with PID 11464 (/home/alex/workspaceEE/rest/target/classes started by alex in /home/alex/workspaceEE/rest)
2017-05-31 14:43:05.921  INFO 11464 --- [main] ua.com.ex.Rest                           : The following profiles are active: prod
2017-05-31 14:43:06.030  INFO 11464 --- [main] ationConfigEmbeddedWebApplicationContext : Refreshing org.springframework.boot.context.embedded.AnnotationConfigEmbeddedWebApplicationContext@4b5d6a01: startup date [Wed May 31 14:43:06 EEST 2017]; root of context hierarchy
2017-05-31 14:43:08.585  INFO 11464 --- [main] f.a.AutowiredAnnotationBeanPostProcessor : JSR-330 'javax.inject.Inject' annotation found and supported for autowiring
2017-05-31 14:43:08.950  INFO 11464 --- [main] trationDelegate$BeanPostProcessorChecker : Bean 'org.springframework.transaction.annotation.ProxyTransactionManagementConfiguration' of type [org.springframework.transaction.annotation.ProxyTransactionManagementConfiguration$$EnhancerBySpringCGLIB$$3dae109f] is not eligible for getting processed by all BeanPostProcessors (for example: not eligible for auto-proxying)
2017-05-31 14:43:09.435  INFO 11464 --- [main] s.b.c.e.t.TomcatEmbeddedServletContainer : Tomcat initialized with port(s): 8080 (http)
2017-05-31 14:43:09.454  INFO 11464 --- [main] o.apache.catalina.core.StandardService   : Starting service Tomcat
2017-05-31 14:43:09.456  INFO 11464 --- [main] org.apache.catalina.core.StandardEngine  : Starting Servlet Engine: Apache Tomcat/8.5.11
2017-05-31 14:43:10.056  INFO 11464 --- [localhost-startStop-1] org.apache.jasper.servlet.TldScanner     : At least one JAR was scanned for TLDs yet contained no TLDs. Enable debug logging for this logger for a complete list of JARs that were scanned but no TLDs were found in them. Skipping unneeded JARs during scanning can improve startup time and JSP compilation time.
2017-05-31 14:43:10.081  INFO 11464 --- [localhost-startStop-1] o.a.c.c.C.[Tomcat].[localhost].[/]       : Initializing Spring embedded WebApplicationContext
2017-05-31 14:43:10.081  INFO 11464 --- [localhost-startStop-1] o.s.web.context.ContextLoader            : Root WebApplicationContext: initialization completed in 4054 ms
2017-05-31 14:43:10.963  INFO 11464 --- [localhost-startStop-1] o.s.b.w.servlet.ServletRegistrationBean  : Mapping servlet: 'dispatcherServlet' to [/]
2017-05-31 14:43:11.713  INFO 11464 --- [localhost-startStop-1] org.reflections.Reflections              : Reflections took 621 ms to scan 6 urls, producing 711 keys and 3616 values 
2017-05-31 14:43:12.313  INFO 11464 --- [localhost-startStop-1] o.s.b.w.servlet.FilterRegistrationBean   : Mapping filter: 'metricsFilter' to: [/*]
2017-05-31 14:43:12.314  INFO 11464 --- [localhost-startStop-1] o.s.b.w.servlet.FilterRegistrationBean   : Mapping filter: 'characterEncodingFilter' to: [/*]
2017-05-31 14:43:12.314  INFO 11464 --- [localhost-startStop-1] o.s.b.w.servlet.FilterRegistrationBean   : Mapping filter: 'hiddenHttpMethodFilter' to: [/*]
2017-05-31 14:43:12.314  INFO 11464 --- [localhost-startStop-1] o.s.b.w.servlet.FilterRegistrationBean   : Mapping filter: 'httpPutFormContentFilter' to: [/*]
2017-05-31 14:43:12.315  INFO 11464 --- [localhost-startStop-1] o.s.b.w.servlet.FilterRegistrationBean   : Mapping filter: 'requestContextFilter' to: [/*]
2017-05-31 14:43:12.315  INFO 11464 --- [localhost-startStop-1] o.s.b.w.servlet.FilterRegistrationBean   : Mapping filter: 'webRequestLoggingFilter' to: [/*]
2017-05-31 14:43:12.315  INFO 11464 --- [localhost-startStop-1] o.s.b.w.servlet.FilterRegistrationBean   : Mapping filter: 'applicationContextIdFilter' to: [/*]
2017-05-31 14:43:12.397  INFO 11464 --- [localhost-startStop-1] j.e.resource.webcontainer.jsf.config     : Initializing Mojarra 2.2.14 ( 20161114-2152 unable to get svn info) for context ''
2017-05-31 14:43:12.757  INFO 11464 --- [localhost-startStop-1] j.e.r.webcontainer.jsf.application       : JSF1048: PostConstruct/PreDestroy annotations present.  ManagedBeans methods marked with these annotations will have said annotations processed.
2017-05-31 14:43:13.825  INFO 11464 --- [localhost-startStop-1] .w.PostConstructApplicationEventListener : Running on PrimeFaces 6.0
2017-05-31 14:43:13.826  INFO 11464 --- [localhost-startStop-1] .a.PostConstructApplicationEventListener : Running on PrimeFaces Extensions 6.0.0
2017-05-31 14:43:13.826  INFO 11464 --- [localhost-startStop-1] o.omnifaces.VersionLoggerEventListener   : Using OmniFaces version 1.14
2017-05-31 14:43:14.684  INFO 11464 --- [main] hsqldb.db.HSQLDB5C5E5122D2.ENGINE        : Checkpoint start
2017-05-31 14:43:14.684  INFO 11464 --- [main] hsqldb.db.HSQLDB5C5E5122D2.ENGINE        : checkpointClose start
2017-05-31 14:43:14.686  INFO 11464 --- [main] hsqldb.db.HSQLDB5C5E5122D2.ENGINE        : checkpointClose synched
2017-05-31 14:43:14.691  INFO 11464 --- [main] hsqldb.db.HSQLDB5C5E5122D2.ENGINE        : checkpointClose script done
2017-05-31 14:43:14.697  INFO 11464 --- [main] hsqldb.db.HSQLDB5C5E5122D2.ENGINE        : checkpointClose end
2017-05-31 14:43:14.699  INFO 11464 --- [main] hsqldb.db.HSQLDB5C5E5122D2.ENGINE        : Checkpoint end - txts: 1
2017-05-31 14:43:14.794  INFO 11464 --- [main] j.LocalContainerEntityManagerFactoryBean : Building JPA container EntityManagerFactory for persistence unit 'default'
2017-05-31 14:43:14.827  INFO 11464 --- [main] o.hibernate.jpa.internal.util.LogHelper  : HHH000204: Processing PersistenceUnitInfo [
	name: default
	...]
2017-05-31 14:43:14.932  INFO 11464 --- [main] org.hibernate.Version                    : HHH000412: Hibernate Core {5.0.12.Final}
2017-05-31 14:43:14.935  INFO 11464 --- [main] org.hibernate.cfg.Environment            : HHH000206: hibernate.properties not found
2017-05-31 14:43:14.938  INFO 11464 --- [main] org.hibernate.cfg.Environment            : HHH000021: Bytecode provider name : javassist
2017-05-31 14:43:15.012  INFO 11464 --- [main] o.hibernate.annotations.common.Version   : HCANN000001: Hibernate Commons Annotations {5.0.1.Final}
2017-05-31 14:43:15.170  INFO 11464 --- [main] org.hibernate.dialect.Dialect            : HHH000400: Using dialect: org.hibernate.dialect.HSQLDialect
2017-05-31 14:43:15.861  INFO 11464 --- [main] org.hibernate.tool.hbm2ddl.SchemaUpdate  : HHH000228: Running hbm2ddl schema update
2017-05-31 14:43:15.887  INFO 11464 --- [main] rmationExtractorJdbcDatabaseMetaDataImpl : HHH000262: Table not found: categories
2017-05-31 14:43:15.890  INFO 11464 --- [main] rmationExtractorJdbcDatabaseMetaDataImpl : HHH000262: Table not found: categories
2017-05-31 14:43:15.899  INFO 11464 --- [main] rmationExtractorJdbcDatabaseMetaDataImpl : HHH000262: Table not found: products
2017-05-31 14:43:15.901  INFO 11464 --- [main] rmationExtractorJdbcDatabaseMetaDataImpl : HHH000262: Table not found: products
2017-05-31 14:43:15.969  INFO 11464 --- [main] j.LocalContainerEntityManagerFactoryBean : Initialized JPA EntityManagerFactory for persistence unit 'default'
2017-05-31 14:43:16.505  INFO 11464 --- [main] o.h.h.i.QueryTranslatorFactoryInitiator  : HHH000397: Using ASTQueryTranslatorFactory
2017-05-31 14:43:17.740  INFO 11464 --- [main] s.w.s.m.m.a.RequestMappingHandlerAdapter : Looking for @ControllerAdvice: org.springframework.boot.context.embedded.AnnotationConfigEmbeddedWebApplicationContext@4b5d6a01: startup date [Wed May 31 14:43:06 EEST 2017]; root of context hierarchy
2017-05-31 14:43:17.881  INFO 11464 --- [main] s.w.s.m.m.a.RequestMappingHandlerMapping : Mapped "{[/]}" onto public java.lang.String ua.com.ex.controller.primefaces.StartPFController.home()
2017-05-31 14:43:17.894  INFO 11464 --- [main] s.w.s.m.m.a.RequestMappingHandlerMapping : Mapped "{[/category/{id}/parentid],methods=[GET]}" onto public java.util.List<ua.com.ex.model.Category> ua.com.ex.controller.rest.CategoryController.getCategoryByParentId(int)
2017-05-31 14:43:17.896  INFO 11464 --- [main] s.w.s.m.m.a.RequestMappingHandlerMapping : Mapped "{[/category],methods=[GET]}" onto public java.util.List<ua.com.ex.model.Category> ua.com.ex.controller.rest.CategoryController.getAllCategories()
2017-05-31 14:43:17.896  INFO 11464 --- [main] s.w.s.m.m.a.RequestMappingHandlerMapping : Mapped "{[/category/{id}],methods=[GET]}" onto public ua.com.ex.model.Category ua.com.ex.controller.rest.CategoryController.getCategoryById(int)
2017-05-31 14:43:17.901  INFO 11464 --- [main] s.w.s.m.m.a.RequestMappingHandlerMapping : Mapped "{[/command/shutdown/start],methods=[GET]}" onto public void ua.com.ex.controller.rest.CommandController.shutdown()
2017-05-31 14:43:17.905  INFO 11464 --- [main] s.w.s.m.m.a.RequestMappingHandlerMapping : Mapped "{[/product],methods=[GET]}" onto public java.util.List<ua.com.ex.model.Product> ua.com.ex.controller.rest.ProductController.getAllProducts()
2017-05-31 14:43:17.905  INFO 11464 --- [main] s.w.s.m.m.a.RequestMappingHandlerMapping : Mapped "{[/product/{id}],methods=[GET]}" onto public ua.com.ex.model.Product ua.com.ex.controller.rest.ProductController.getProductById(int)
2017-05-31 14:43:17.906  INFO 11464 --- [main] s.w.s.m.m.a.RequestMappingHandlerMapping : Mapped "{[/product/{id}/category/{page}/page/{itemquantity}],methods=[GET]}" onto public java.util.List<ua.com.ex.model.Product> ua.com.ex.controller.rest.ProductController.getProductByCategoryId(int,int,int)
2017-05-31 14:43:17.910  INFO 11464 --- [main] s.w.s.m.m.a.RequestMappingHandlerMapping : Mapped "{[/error],produces=[text/html]}" onto public org.springframework.web.servlet.ModelAndView org.springframework.boot.autoconfigure.web.BasicErrorController.errorHtml(javax.servlet.http.HttpServletRequest,javax.servlet.http.HttpServletResponse)
2017-05-31 14:43:17.911  INFO 11464 --- [main] s.w.s.m.m.a.RequestMappingHandlerMapping : Mapped "{[/error]}" onto public org.springframework.http.ResponseEntity<java.util.Map<java.lang.String, java.lang.Object>> org.springframework.boot.autoconfigure.web.BasicErrorController.error(javax.servlet.http.HttpServletRequest)
2017-05-31 14:43:17.981  INFO 11464 --- [main] o.s.w.s.handler.SimpleUrlHandlerMapping  : Mapped URL path [/webjars/**] onto handler of type [class org.springframework.web.servlet.resource.ResourceHttpRequestHandler]
2017-05-31 14:43:17.981  INFO 11464 --- [main] o.s.w.s.handler.SimpleUrlHandlerMapping  : Mapped URL path [/**] onto handler of type [class org.springframework.web.servlet.resource.ResourceHttpRequestHandler]
2017-05-31 14:43:18.050  INFO 11464 --- [main] o.s.w.s.handler.SimpleUrlHandlerMapping  : Mapped URL path [/**/favicon.ico] onto handler of type [class org.springframework.web.servlet.resource.ResourceHttpRequestHandler]
2017-05-31 14:43:18.831  INFO 11464 --- [main] o.s.b.a.e.mvc.EndpointHandlerMapping     : Mapped "{[/dump || /dump.json],methods=[GET],produces=[application/vnd.spring-boot.actuator.v1+json || application/json]}" onto public java.lang.Object org.springframework.boot.actuate.endpoint.mvc.EndpointMvcAdapter.invoke()
2017-05-31 14:43:18.832  INFO 11464 --- [main] o.s.b.a.e.mvc.EndpointHandlerMapping     : Mapped "{[/autoconfig || /autoconfig.json],methods=[GET],produces=[application/vnd.spring-boot.actuator.v1+json || application/json]}" onto public java.lang.Object org.springframework.boot.actuate.endpoint.mvc.EndpointMvcAdapter.invoke()
2017-05-31 14:43:18.835  INFO 11464 --- [main] o.s.b.a.e.mvc.EndpointHandlerMapping     : Mapped "{[/shutdown || /shutdown.json],methods=[POST],produces=[application/vnd.spring-boot.actuator.v1+json || application/json]}" onto public java.lang.Object org.springframework.boot.actuate.endpoint.mvc.ShutdownMvcEndpoint.invoke()
2017-05-31 14:43:18.837  INFO 11464 --- [main] o.s.b.a.e.mvc.EndpointHandlerMapping     : Mapped "{[/configprops || /configprops.json],methods=[GET],produces=[application/vnd.spring-boot.actuator.v1+json || application/json]}" onto public java.lang.Object org.springframework.boot.actuate.endpoint.mvc.EndpointMvcAdapter.invoke()
2017-05-31 14:43:18.838  INFO 11464 --- [main] o.s.b.a.e.mvc.EndpointHandlerMapping     : Mapped "{[/beans || /beans.json],methods=[GET],produces=[application/vnd.spring-boot.actuator.v1+json || application/json]}" onto public java.lang.Object org.springframework.boot.actuate.endpoint.mvc.EndpointMvcAdapter.invoke()
2017-05-31 14:43:18.841  INFO 11464 --- [main] o.s.b.a.e.mvc.EndpointHandlerMapping     : Mapped "{[/loggers/{name:.*}],methods=[GET],produces=[application/vnd.spring-boot.actuator.v1+json || application/json]}" onto public java.lang.Object org.springframework.boot.actuate.endpoint.mvc.LoggersMvcEndpoint.get(java.lang.String)
2017-05-31 14:43:18.842  INFO 11464 --- [main] o.s.b.a.e.mvc.EndpointHandlerMapping     : Mapped "{[/loggers/{name:.*}],methods=[POST],consumes=[application/vnd.spring-boot.actuator.v1+json || application/json],produces=[application/vnd.spring-boot.actuator.v1+json || application/json]}" onto public java.lang.Object org.springframework.boot.actuate.endpoint.mvc.LoggersMvcEndpoint.set(java.lang.String,java.util.Map<java.lang.String, java.lang.String>)
2017-05-31 14:43:18.842  INFO 11464 --- [main] o.s.b.a.e.mvc.EndpointHandlerMapping     : Mapped "{[/loggers || /loggers.json],methods=[GET],produces=[application/vnd.spring-boot.actuator.v1+json || application/json]}" onto public java.lang.Object org.springframework.boot.actuate.endpoint.mvc.EndpointMvcAdapter.invoke()
2017-05-31 14:43:18.843  INFO 11464 --- [main] o.s.b.a.e.mvc.EndpointHandlerMapping     : Mapped "{[/mappings || /mappings.json],methods=[GET],produces=[application/vnd.spring-boot.actuator.v1+json || application/json]}" onto public java.lang.Object org.springframework.boot.actuate.endpoint.mvc.EndpointMvcAdapter.invoke()
2017-05-31 14:43:18.844  INFO 11464 --- [main] o.s.b.a.e.mvc.EndpointHandlerMapping     : Mapped "{[/info || /info.json],methods=[GET],produces=[application/vnd.spring-boot.actuator.v1+json || application/json]}" onto public java.lang.Object org.springframework.boot.actuate.endpoint.mvc.EndpointMvcAdapter.invoke()
2017-05-31 14:43:18.846  INFO 11464 --- [main] o.s.b.a.e.mvc.EndpointHandlerMapping     : Mapped "{[/env/{name:.*}],methods=[GET],produces=[application/vnd.spring-boot.actuator.v1+json || application/json]}" onto public java.lang.Object org.springframework.boot.actuate.endpoint.mvc.EnvironmentMvcEndpoint.value(java.lang.String)
2017-05-31 14:43:18.847  INFO 11464 --- [main] o.s.b.a.e.mvc.EndpointHandlerMapping     : Mapped "{[/env || /env.json],methods=[GET],produces=[application/vnd.spring-boot.actuator.v1+json || application/json]}" onto public java.lang.Object org.springframework.boot.actuate.endpoint.mvc.EndpointMvcAdapter.invoke()
2017-05-31 14:43:18.849  INFO 11464 --- [main] o.s.b.a.e.mvc.EndpointHandlerMapping     : Mapped "{[/metrics/{name:.*}],methods=[GET],produces=[application/vnd.spring-boot.actuator.v1+json || application/json]}" onto public java.lang.Object org.springframework.boot.actuate.endpoint.mvc.MetricsMvcEndpoint.value(java.lang.String)
2017-05-31 14:43:18.850  INFO 11464 --- [main] o.s.b.a.e.mvc.EndpointHandlerMapping     : Mapped "{[/metrics || /metrics.json],methods=[GET],produces=[application/vnd.spring-boot.actuator.v1+json || application/json]}" onto public java.lang.Object org.springframework.boot.actuate.endpoint.mvc.EndpointMvcAdapter.invoke()
2017-05-31 14:43:18.851  INFO 11464 --- [main] o.s.b.a.e.mvc.EndpointHandlerMapping     : Mapped "{[/auditevents || /auditevents.json],methods=[GET],produces=[application/vnd.spring-boot.actuator.v1+json || application/json]}" onto public org.springframework.http.ResponseEntity<?> org.springframework.boot.actuate.endpoint.mvc.AuditEventsMvcEndpoint.findByPrincipalAndAfterAndType(java.lang.String,java.util.Date,java.lang.String)
2017-05-31 14:43:18.853  INFO 11464 --- [main] o.s.b.a.e.mvc.EndpointHandlerMapping     : Mapped "{[/trace || /trace.json],methods=[GET],produces=[application/vnd.spring-boot.actuator.v1+json || application/json]}" onto public java.lang.Object org.springframework.boot.actuate.endpoint.mvc.EndpointMvcAdapter.invoke()
2017-05-31 14:43:18.855  INFO 11464 --- [main] o.s.b.a.e.mvc.EndpointHandlerMapping     : Mapped "{[/health || /health.json],methods=[GET],produces=[application/vnd.spring-boot.actuator.v1+json || application/json]}" onto public java.lang.Object org.springframework.boot.actuate.endpoint.mvc.HealthMvcEndpoint.invoke(javax.servlet.http.HttpServletRequest,java.security.Principal)
2017-05-31 14:43:18.857  INFO 11464 --- [main] o.s.b.a.e.mvc.EndpointHandlerMapping     : Mapped "{[/heapdump || /heapdump.json],methods=[GET],produces=[application/octet-stream]}" onto public void org.springframework.boot.actuate.endpoint.mvc.HeapdumpMvcEndpoint.invoke(boolean,javax.servlet.http.HttpServletRequest,javax.servlet.http.HttpServletResponse) throws java.io.IOException,javax.servlet.ServletException
2017-05-31 14:43:18.859  INFO 11464 --- [main] o.s.b.a.e.mvc.EndpointHandlerMapping     : Mapped "{[/logfile || /logfile.json],methods=[GET || HEAD]}" onto public void org.springframework.boot.actuate.endpoint.mvc.LogFileMvcEndpoint.invoke(javax.servlet.http.HttpServletRequest,javax.servlet.http.HttpServletResponse) throws javax.servlet.ServletException,java.io.IOException
2017-05-31 14:43:19.316  INFO 11464 --- [main] o.s.j.e.a.AnnotationMBeanExporter        : Registering beans for JMX exposure on startup
2017-05-31 14:43:19.335  INFO 11464 --- [main] o.s.c.support.DefaultLifecycleProcessor  : Starting beans in phase 0
2017-05-31 14:43:19.602  INFO 11464 --- [main] s.b.c.e.t.TomcatEmbeddedServletContainer : Tomcat started on port(s): 8080 (http)
2017-05-31 14:43:19.632  INFO 11464 --- [main] ua.com.ex.Rest                           : Started Rest in 14.222 seconds (JVM running for 15.047)
2017-05-31 14:43:19.669  INFO 11464 --- [main] ua.com.ex.tools.FtpDownloaderImpl        : connect - done
2017-05-31 14:43:19.952  INFO 11464 --- [main] ua.com.ex.tools.FtpDownloaderImpl        : download - done
2017-05-31 14:43:19.956  INFO 11464 --- [main] ua.com.ex.tools.FtpDownloaderImpl        : disconnect - done
2017-05-31 14:43:20.058  INFO 11464 --- [main] u.c.e.s.impl.RemoteDataServiceImpl       : downloadFile() - done
2017-05-31 14:43:20.059  INFO 11464 --- [main] u.c.e.s.impl.RemoteDataServiceImpl       : updateData() - start
2017-05-31 14:43:35.277  INFO 11464 --- [main] u.c.e.s.impl.RemoteDataServiceImpl       : updateData() - done
2017-05-31 14:43:42.842  INFO 11464 --- [http-nio-8080-exec-1] o.a.c.c.C.[Tomcat].[localhost].[/]       : Initializing Spring FrameworkServlet 'dispatcherServlet'
2017-05-31 14:43:42.842  INFO 11464 --- [http-nio-8080-exec-1] o.s.web.servlet.DispatcherServlet        : FrameworkServlet 'dispatcherServlet': initialization started
2017-05-31 14:43:42.883  INFO 11464 --- [http-nio-8080-exec-1] o.s.web.servlet.DispatcherServlet        : FrameworkServlet 'dispatcherServlet': initialization completed in 40 ms
2017-05-31 15:20:05.400  INFO 11464 --- [RMI TCP Connection(2)-127.0.0.1] inMXBeanRegistrar$SpringApplicationAdmin : Application shutdown requested.
2017-05-31 15:20:05.406  INFO 11464 --- [RMI TCP Connection(2)-127.0.0.1] ationConfigEmbeddedWebApplicationContext : Closing org.springframework.boot.context.embedded.AnnotationConfigEmbeddedWebApplicationContext@4b5d6a01: startup date [Wed May 31 14:43:06 EEST 2017]; root of context hierarchy
2017-05-31 15:20:05.424  INFO 11464 --- [RMI TCP Connection(2)-127.0.0.1] o.s.c.support.DefaultLifecycleProcessor  : Stopping beans in phase 0
2017-05-31 15:20:05.433  INFO 11464 --- [RMI TCP Connection(2)-127.0.0.1] o.s.j.e.a.AnnotationMBeanExporter        : Unregistering JMX-exposed beans on shutdown
2017-05-31 15:20:05.441  INFO 11464 --- [RMI TCP Connection(2)-127.0.0.1] j.LocalContainerEntityManagerFactoryBean : Closing JPA EntityManagerFactory for persistence unit 'default'
2017-05-31 15:26:22.129  INFO 13021 --- [main] ua.com.ex.Rest                           : Starting Rest on alex-K73E with PID 13021 (/home/alex/workspaceEE/rest/target/classes started by alex in /home/alex/workspaceEE/rest)
2017-05-31 15:26:22.147  INFO 13021 --- [main] ua.com.ex.Rest                           : The following profiles are active: prod
2017-05-31 15:26:22.236  INFO 13021 --- [main] ationConfigEmbeddedWebApplicationContext : Refreshing org.springframework.boot.context.embedded.AnnotationConfigEmbeddedWebApplicationContext@4b5d6a01: startup date [Wed May 31 15:26:22 EEST 2017]; root of context hierarchy
2017-05-31 15:26:24.805  INFO 13021 --- [main] f.a.AutowiredAnnotationBeanPostProcessor : JSR-330 'javax.inject.Inject' annotation found and supported for autowiring
2017-05-31 15:26:25.205  INFO 13021 --- [main] trationDelegate$BeanPostProcessorChecker : Bean 'org.springframework.transaction.annotation.ProxyTransactionManagementConfiguration' of type [org.springframework.transaction.annotation.ProxyTransactionManagementConfiguration$$EnhancerBySpringCGLIB$$3dae109f] is not eligible for getting processed by all BeanPostProcessors (for example: not eligible for auto-proxying)
2017-05-31 15:26:25.731  INFO 13021 --- [main] s.b.c.e.t.TomcatEmbeddedServletContainer : Tomcat initialized with port(s): 8080 (http)
2017-05-31 15:26:25.750  INFO 13021 --- [main] o.apache.catalina.core.StandardService   : Starting service Tomcat
2017-05-31 15:26:25.752  INFO 13021 --- [main] org.apache.catalina.core.StandardEngine  : Starting Servlet Engine: Apache Tomcat/8.5.11
2017-05-31 15:26:26.330  INFO 13021 --- [localhost-startStop-1] org.apache.jasper.servlet.TldScanner     : At least one JAR was scanned for TLDs yet contained no TLDs. Enable debug logging for this logger for a complete list of JARs that were scanned but no TLDs were found in them. Skipping unneeded JARs during scanning can improve startup time and JSP compilation time.
2017-05-31 15:26:26.354  INFO 13021 --- [localhost-startStop-1] o.a.c.c.C.[Tomcat].[localhost].[/]       : Initializing Spring embedded WebApplicationContext
2017-05-31 15:26:26.354  INFO 13021 --- [localhost-startStop-1] o.s.web.context.ContextLoader            : Root WebApplicationContext: initialization completed in 4123 ms
2017-05-31 15:26:27.029  INFO 13021 --- [localhost-startStop-1] o.s.b.w.servlet.ServletRegistrationBean  : Mapping servlet: 'dispatcherServlet' to [/]
2017-05-31 15:26:28.200  INFO 13021 --- [localhost-startStop-1] org.reflections.Reflections              : Reflections took 1042 ms to scan 6 urls, producing 711 keys and 3616 values 
2017-05-31 15:26:28.624  INFO 13021 --- [localhost-startStop-1] o.s.b.w.servlet.FilterRegistrationBean   : Mapping filter: 'metricsFilter' to: [/*]
2017-05-31 15:26:28.625  INFO 13021 --- [localhost-startStop-1] o.s.b.w.servlet.FilterRegistrationBean   : Mapping filter: 'characterEncodingFilter' to: [/*]
2017-05-31 15:26:28.625  INFO 13021 --- [localhost-startStop-1] o.s.b.w.servlet.FilterRegistrationBean   : Mapping filter: 'hiddenHttpMethodFilter' to: [/*]
2017-05-31 15:26:28.626  INFO 13021 --- [localhost-startStop-1] o.s.b.w.servlet.FilterRegistrationBean   : Mapping filter: 'httpPutFormContentFilter' to: [/*]
2017-05-31 15:26:28.626  INFO 13021 --- [localhost-startStop-1] o.s.b.w.servlet.FilterRegistrationBean   : Mapping filter: 'requestContextFilter' to: [/*]
2017-05-31 15:26:28.626  INFO 13021 --- [localhost-startStop-1] o.s.b.w.servlet.FilterRegistrationBean   : Mapping filter: 'webRequestLoggingFilter' to: [/*]
2017-05-31 15:26:28.627  INFO 13021 --- [localhost-startStop-1] o.s.b.w.servlet.FilterRegistrationBean   : Mapping filter: 'applicationContextIdFilter' to: [/*]
2017-05-31 15:26:28.711  INFO 13021 --- [localhost-startStop-1] j.e.resource.webcontainer.jsf.config     : Initializing Mojarra 2.2.14 ( 20161114-2152 unable to get svn info) for context ''
2017-05-31 15:26:29.051  INFO 13021 --- [localhost-startStop-1] j.e.r.webcontainer.jsf.application       : JSF1048: PostConstruct/PreDestroy annotations present.  ManagedBeans methods marked with these annotations will have said annotations processed.
2017-05-31 15:26:30.097  INFO 13021 --- [localhost-startStop-1] .w.PostConstructApplicationEventListener : Running on PrimeFaces 6.0
2017-05-31 15:26:30.098  INFO 13021 --- [localhost-startStop-1] .a.PostConstructApplicationEventListener : Running on PrimeFaces Extensions 6.0.0
2017-05-31 15:26:30.098  INFO 13021 --- [localhost-startStop-1] o.omnifaces.VersionLoggerEventListener   : Using OmniFaces version 1.14
2017-05-31 15:26:31.514  INFO 13021 --- [main] hsqldb.db.HSQLDB5C5E5122D2.ENGINE        : checkpointClose start
2017-05-31 15:26:31.515  INFO 13021 --- [main] hsqldb.db.HSQLDB5C5E5122D2.ENGINE        : checkpointClose synched
2017-05-31 15:26:31.666  INFO 13021 --- [main] hsqldb.db.HSQLDB5C5E5122D2.ENGINE        : checkpointClose script done
2017-05-31 15:26:31.672  INFO 13021 --- [main] hsqldb.db.HSQLDB5C5E5122D2.ENGINE        : checkpointClose end
2017-05-31 15:26:31.763  INFO 13021 --- [main] j.LocalContainerEntityManagerFactoryBean : Building JPA container EntityManagerFactory for persistence unit 'default'
2017-05-31 15:26:31.795  INFO 13021 --- [main] o.hibernate.jpa.internal.util.LogHelper  : HHH000204: Processing PersistenceUnitInfo [
	name: default
	...]
2017-05-31 15:26:31.929  INFO 13021 --- [main] org.hibernate.Version                    : HHH000412: Hibernate Core {5.0.12.Final}
2017-05-31 15:26:31.932  INFO 13021 --- [main] org.hibernate.cfg.Environment            : HHH000206: hibernate.properties not found
2017-05-31 15:26:31.936  INFO 13021 --- [main] org.hibernate.cfg.Environment            : HHH000021: Bytecode provider name : javassist
2017-05-31 15:26:31.993  INFO 13021 --- [main] o.hibernate.annotations.common.Version   : HCANN000001: Hibernate Commons Annotations {5.0.1.Final}
2017-05-31 15:26:32.122  INFO 13021 --- [main] org.hibernate.dialect.Dialect            : HHH000400: Using dialect: org.hibernate.dialect.HSQLDialect
2017-05-31 15:26:32.854  INFO 13021 --- [main] org.hibernate.tool.hbm2ddl.SchemaUpdate  : HHH000228: Running hbm2ddl schema update
2017-05-31 15:26:33.370  INFO 13021 --- [main] j.LocalContainerEntityManagerFactoryBean : Initialized JPA EntityManagerFactory for persistence unit 'default'
2017-05-31 15:26:33.799  INFO 13021 --- [main] o.h.h.i.QueryTranslatorFactoryInitiator  : HHH000397: Using ASTQueryTranslatorFactory
2017-05-31 15:26:34.796  INFO 13021 --- [main] s.w.s.m.m.a.RequestMappingHandlerAdapter : Looking for @ControllerAdvice: org.springframework.boot.context.embedded.AnnotationConfigEmbeddedWebApplicationContext@4b5d6a01: startup date [Wed May 31 15:26:22 EEST 2017]; root of context hierarchy
2017-05-31 15:26:34.994  INFO 13021 --- [main] s.w.s.m.m.a.RequestMappingHandlerMapping : Mapped "{[/]}" onto public java.lang.String ua.com.ex.controller.primefaces.StartPFController.home()
2017-05-31 15:26:35.008  INFO 13021 --- [main] s.w.s.m.m.a.RequestMappingHandlerMapping : Mapped "{[/category/{id}],methods=[GET]}" onto public ua.com.ex.model.Category ua.com.ex.controller.rest.CategoryController.getCategoryById(int)
2017-05-31 15:26:35.010  INFO 13021 --- [main] s.w.s.m.m.a.RequestMappingHandlerMapping : Mapped "{[/category],methods=[GET]}" onto public java.util.List<ua.com.ex.model.Category> ua.com.ex.controller.rest.CategoryController.getAllCategories()
2017-05-31 15:26:35.011  INFO 13021 --- [main] s.w.s.m.m.a.RequestMappingHandlerMapping : Mapped "{[/category/{id}/parentid],methods=[GET]}" onto public java.util.List<ua.com.ex.model.Category> ua.com.ex.controller.rest.CategoryController.getCategoryByParentId(int)
2017-05-31 15:26:35.013  INFO 13021 --- [main] s.w.s.m.m.a.RequestMappingHandlerMapping : Mapped "{[/command/shutdown/start],methods=[GET]}" onto public void ua.com.ex.controller.rest.CommandController.shutdown()
2017-05-31 15:26:35.019  INFO 13021 --- [main] s.w.s.m.m.a.RequestMappingHandlerMapping : Mapped "{[/product/{id}/category/{page}/page/{itemquantity}],methods=[GET]}" onto public java.util.List<ua.com.ex.model.Product> ua.com.ex.controller.rest.ProductController.getProductByCategoryId(int,int,int)
2017-05-31 15:26:35.020  INFO 13021 --- [main] s.w.s.m.m.a.RequestMappingHandlerMapping : Mapped "{[/product/{id}],methods=[GET]}" onto public ua.com.ex.model.Product ua.com.ex.controller.rest.ProductController.getProductById(int)
2017-05-31 15:26:35.020  INFO 13021 --- [main] s.w.s.m.m.a.RequestMappingHandlerMapping : Mapped "{[/product],methods=[GET]}" onto public java.util.List<ua.com.ex.model.Product> ua.com.ex.controller.rest.ProductController.getAllProducts()
2017-05-31 15:26:35.024  INFO 13021 --- [main] s.w.s.m.m.a.RequestMappingHandlerMapping : Mapped "{[/error],produces=[text/html]}" onto public org.springframework.web.servlet.ModelAndView org.springframework.boot.autoconfigure.web.BasicErrorController.errorHtml(javax.servlet.http.HttpServletRequest,javax.servlet.http.HttpServletResponse)
2017-05-31 15:26:35.025  INFO 13021 --- [main] s.w.s.m.m.a.RequestMappingHandlerMapping : Mapped "{[/error]}" onto public org.springframework.http.ResponseEntity<java.util.Map<java.lang.String, java.lang.Object>> org.springframework.boot.autoconfigure.web.BasicErrorController.error(javax.servlet.http.HttpServletRequest)
2017-05-31 15:26:35.083  INFO 13021 --- [main] o.s.w.s.handler.SimpleUrlHandlerMapping  : Mapped URL path [/webjars/**] onto handler of type [class org.springframework.web.servlet.resource.ResourceHttpRequestHandler]
2017-05-31 15:26:35.084  INFO 13021 --- [main] o.s.w.s.handler.SimpleUrlHandlerMapping  : Mapped URL path [/**] onto handler of type [class org.springframework.web.servlet.resource.ResourceHttpRequestHandler]
2017-05-31 15:26:35.173  INFO 13021 --- [main] o.s.w.s.handler.SimpleUrlHandlerMapping  : Mapped URL path [/**/favicon.ico] onto handler of type [class org.springframework.web.servlet.resource.ResourceHttpRequestHandler]
2017-05-31 15:26:36.021  INFO 13021 --- [main] o.s.b.a.e.mvc.EndpointHandlerMapping     : Mapped "{[/auditevents || /auditevents.json],methods=[GET],produces=[application/vnd.spring-boot.actuator.v1+json || application/json]}" onto public org.springframework.http.ResponseEntity<?> org.springframework.boot.actuate.endpoint.mvc.AuditEventsMvcEndpoint.findByPrincipalAndAfterAndType(java.lang.String,java.util.Date,java.lang.String)
2017-05-31 15:26:36.023  INFO 13021 --- [main] o.s.b.a.e.mvc.EndpointHandlerMapping     : Mapped "{[/info || /info.json],methods=[GET],produces=[application/vnd.spring-boot.actuator.v1+json || application/json]}" onto public java.lang.Object org.springframework.boot.actuate.endpoint.mvc.EndpointMvcAdapter.invoke()
2017-05-31 15:26:36.025  INFO 13021 --- [main] o.s.b.a.e.mvc.EndpointHandlerMapping     : Mapped "{[/dump || /dump.json],methods=[GET],produces=[application/vnd.spring-boot.actuator.v1+json || application/json]}" onto public java.lang.Object org.springframework.boot.actuate.endpoint.mvc.EndpointMvcAdapter.invoke()
2017-05-31 15:26:36.027  INFO 13021 --- [main] o.s.b.a.e.mvc.EndpointHandlerMapping     : Mapped "{[/mappings || /mappings.json],methods=[GET],produces=[application/vnd.spring-boot.actuator.v1+json || application/json]}" onto public java.lang.Object org.springframework.boot.actuate.endpoint.mvc.EndpointMvcAdapter.invoke()
2017-05-31 15:26:36.028  INFO 13021 --- [main] o.s.b.a.e.mvc.EndpointHandlerMapping     : Mapped "{[/health || /health.json],methods=[GET],produces=[application/vnd.spring-boot.actuator.v1+json || application/json]}" onto public java.lang.Object org.springframework.boot.actuate.endpoint.mvc.HealthMvcEndpoint.invoke(javax.servlet.http.HttpServletRequest,java.security.Principal)
2017-05-31 15:26:36.030  INFO 13021 --- [main] o.s.b.a.e.mvc.EndpointHandlerMapping     : Mapped "{[/env/{name:.*}],methods=[GET],produces=[application/vnd.spring-boot.actuator.v1+json || application/json]}" onto public java.lang.Object org.springframework.boot.actuate.endpoint.mvc.EnvironmentMvcEndpoint.value(java.lang.String)
2017-05-31 15:26:36.031  INFO 13021 --- [main] o.s.b.a.e.mvc.EndpointHandlerMapping     : Mapped "{[/env || /env.json],methods=[GET],produces=[application/vnd.spring-boot.actuator.v1+json || application/json]}" onto public java.lang.Object org.springframework.boot.actuate.endpoint.mvc.EndpointMvcAdapter.invoke()
2017-05-31 15:26:36.032  INFO 13021 --- [main] o.s.b.a.e.mvc.EndpointHandlerMapping     : Mapped "{[/configprops || /configprops.json],methods=[GET],produces=[application/vnd.spring-boot.actuator.v1+json || application/json]}" onto public java.lang.Object org.springframework.boot.actuate.endpoint.mvc.EndpointMvcAdapter.invoke()
2017-05-31 15:26:36.034  INFO 13021 --- [main] o.s.b.a.e.mvc.EndpointHandlerMapping     : Mapped "{[/autoconfig || /autoconfig.json],methods=[GET],produces=[application/vnd.spring-boot.actuator.v1+json || application/json]}" onto public java.lang.Object org.springframework.boot.actuate.endpoint.mvc.EndpointMvcAdapter.invoke()
2017-05-31 15:26:36.035  INFO 13021 --- [main] o.s.b.a.e.mvc.EndpointHandlerMapping     : Mapped "{[/trace || /trace.json],methods=[GET],produces=[application/vnd.spring-boot.actuator.v1+json || application/json]}" onto public java.lang.Object org.springframework.boot.actuate.endpoint.mvc.EndpointMvcAdapter.invoke()
2017-05-31 15:26:36.037  INFO 13021 --- [main] o.s.b.a.e.mvc.EndpointHandlerMapping     : Mapped "{[/heapdump || /heapdump.json],methods=[GET],produces=[application/octet-stream]}" onto public void org.springframework.boot.actuate.endpoint.mvc.HeapdumpMvcEndpoint.invoke(boolean,javax.servlet.http.HttpServletRequest,javax.servlet.http.HttpServletResponse) throws java.io.IOException,javax.servlet.ServletException
2017-05-31 15:26:36.042  INFO 13021 --- [main] o.s.b.a.e.mvc.EndpointHandlerMapping     : Mapped "{[/shutdown || /shutdown.json],methods=[POST],produces=[application/vnd.spring-boot.actuator.v1+json || application/json]}" onto public java.lang.Object org.springframework.boot.actuate.endpoint.mvc.ShutdownMvcEndpoint.invoke()
2017-05-31 15:26:36.044  INFO 13021 --- [main] o.s.b.a.e.mvc.EndpointHandlerMapping     : Mapped "{[/metrics/{name:.*}],methods=[GET],produces=[application/vnd.spring-boot.actuator.v1+json || application/json]}" onto public java.lang.Object org.springframework.boot.actuate.endpoint.mvc.MetricsMvcEndpoint.value(java.lang.String)
2017-05-31 15:26:36.045  INFO 13021 --- [main] o.s.b.a.e.mvc.EndpointHandlerMapping     : Mapped "{[/metrics || /metrics.json],methods=[GET],produces=[application/vnd.spring-boot.actuator.v1+json || application/json]}" onto public java.lang.Object org.springframework.boot.actuate.endpoint.mvc.EndpointMvcAdapter.invoke()
2017-05-31 15:26:36.048  INFO 13021 --- [main] o.s.b.a.e.mvc.EndpointHandlerMapping     : Mapped "{[/loggers/{name:.*}],methods=[GET],produces=[application/vnd.spring-boot.actuator.v1+json || application/json]}" onto public java.lang.Object org.springframework.boot.actuate.endpoint.mvc.LoggersMvcEndpoint.get(java.lang.String)
2017-05-31 15:26:36.048  INFO 13021 --- [main] o.s.b.a.e.mvc.EndpointHandlerMapping     : Mapped "{[/loggers/{name:.*}],methods=[POST],consumes=[application/vnd.spring-boot.actuator.v1+json || application/json],produces=[application/vnd.spring-boot.actuator.v1+json || application/json]}" onto public java.lang.Object org.springframework.boot.actuate.endpoint.mvc.LoggersMvcEndpoint.set(java.lang.String,java.util.Map<java.lang.String, java.lang.String>)
2017-05-31 15:26:36.049  INFO 13021 --- [main] o.s.b.a.e.mvc.EndpointHandlerMapping     : Mapped "{[/loggers || /loggers.json],methods=[GET],produces=[application/vnd.spring-boot.actuator.v1+json || application/json]}" onto public java.lang.Object org.springframework.boot.actuate.endpoint.mvc.EndpointMvcAdapter.invoke()
2017-05-31 15:26:36.051  INFO 13021 --- [main] o.s.b.a.e.mvc.EndpointHandlerMapping     : Mapped "{[/logfile || /logfile.json],methods=[GET || HEAD]}" onto public void org.springframework.boot.actuate.endpoint.mvc.LogFileMvcEndpoint.invoke(javax.servlet.http.HttpServletRequest,javax.servlet.http.HttpServletResponse) throws javax.servlet.ServletException,java.io.IOException
2017-05-31 15:26:36.052  INFO 13021 --- [main] o.s.b.a.e.mvc.EndpointHandlerMapping     : Mapped "{[/beans || /beans.json],methods=[GET],produces=[application/vnd.spring-boot.actuator.v1+json || application/json]}" onto public java.lang.Object org.springframework.boot.actuate.endpoint.mvc.EndpointMvcAdapter.invoke()
2017-05-31 15:26:36.472  INFO 13021 --- [main] o.s.j.e.a.AnnotationMBeanExporter        : Registering beans for JMX exposure on startup
2017-05-31 15:26:36.494  INFO 13021 --- [main] o.s.c.support.DefaultLifecycleProcessor  : Starting beans in phase 0
2017-05-31 15:26:36.741  INFO 13021 --- [main] s.b.c.e.t.TomcatEmbeddedServletContainer : Tomcat started on port(s): 8080 (http)
2017-05-31 15:26:36.768  INFO 13021 --- [main] ua.com.ex.Rest                           : Started Rest in 15.181 seconds (JVM running for 16.079)
2017-05-31 15:26:36.855  INFO 13021 --- [main] ua.com.ex.tools.FtpDownloaderImpl        : connect - done
2017-05-31 15:26:37.148  INFO 13021 --- [main] ua.com.ex.tools.FtpDownloaderImpl        : download - done
2017-05-31 15:26:37.153  INFO 13021 --- [main] ua.com.ex.tools.FtpDownloaderImpl        : disconnect - done
2017-05-31 15:26:37.254  INFO 13021 --- [main] u.c.e.s.impl.RemoteDataServiceImpl       : downloadFile() - done
2017-05-31 15:26:37.255  INFO 13021 --- [main] u.c.e.s.impl.RemoteDataServiceImpl       : updateData() - start
2017-05-31 15:26:46.526  INFO 13021 --- [main] ua.com.ex.tools.RemoteProductParser      : RemoteProductParser.updateData() products = 
2017-05-31 15:26:47.391  INFO 13021 --- [main] u.c.e.s.impl.RemoteDataServiceImpl       : updateData() - done
2017-05-31 15:26:52.878  INFO 13021 --- [RMI TCP Connection(2)-127.0.0.1] inMXBeanRegistrar$SpringApplicationAdmin : Application shutdown requested.
2017-05-31 15:26:52.879  INFO 13021 --- [RMI TCP Connection(2)-127.0.0.1] ationConfigEmbeddedWebApplicationContext : Closing org.springframework.boot.context.embedded.AnnotationConfigEmbeddedWebApplicationContext@4b5d6a01: startup date [Wed May 31 15:26:22 EEST 2017]; root of context hierarchy
2017-05-31 15:26:52.884  INFO 13021 --- [RMI TCP Connection(2)-127.0.0.1] o.s.c.support.DefaultLifecycleProcessor  : Stopping beans in phase 0
2017-05-31 15:26:52.887  INFO 13021 --- [RMI TCP Connection(2)-127.0.0.1] o.s.j.e.a.AnnotationMBeanExporter        : Unregistering JMX-exposed beans on shutdown
2017-05-31 15:26:52.891  INFO 13021 --- [RMI TCP Connection(2)-127.0.0.1] j.LocalContainerEntityManagerFactoryBean : Closing JPA EntityManagerFactory for persistence unit 'default'
